Compiled jquery.js  (3ms)  (pid 5104)
Compiled jquery_ujs.js  (2ms)  (pid 5104)
Compiled facebook.js  (0ms)  (pid 5104)
Compiled home.js  (1262ms)  (pid 5104)
Compiled jquery-ui.min.js  (0ms)  (pid 5104)
Compiled jquery.min.js  (2ms)  (pid 5104)
Compiled jquery.ui.datepicker.js  (0ms)  (pid 5104)
Compiled jquery.ui.touch-punch.min.js  (0ms)  (pid 5104)
Compiled main.js  (0ms)  (pid 5104)
Compiled application.js  (1957ms)  (pid 5104)
Compiled desktop.css  (0ms)  (pid 5104)
Compiled home.css  (89ms)  (pid 5104)
Compiled jquery-ui-1.8.18.custom.css  (2ms)  (pid 5104)
Compiled jquery-ui.css  (1ms)  (pid 5104)
Compiled jquery-ui.custom.css  (0ms)  (pid 5104)
Compiled jquery.ui.datepicker.css  (0ms)  (pid 5104)
Compiled main.css  (0ms)  (pid 5104)
Compiled mobile.css  (1ms)  (pid 5104)
Compiled style.css  (0ms)  (pid 5104)
Compiled application.css  (430ms)  (pid 5104)
Compiled jquery.js  (3ms)  (pid 712)
Compiled jquery_ujs.js  (0ms)  (pid 712)
Compiled facebook.js  (0ms)  (pid 712)
Compiled home.js  (412ms)  (pid 712)
Compiled jquery-ui.min.js  (1ms)  (pid 712)
Compiled jquery.min.js  (2ms)  (pid 712)
Compiled jquery.ui.datepicker.js  (0ms)  (pid 712)
Compiled jquery.ui.touch-punch.min.js  (1ms)  (pid 712)
Compiled main.js  (0ms)  (pid 712)
Compiled application.js  (678ms)  (pid 712)
Compiled desktop.css  (2ms)  (pid 712)
Compiled home.css  (41ms)  (pid 712)
Compiled jquery-ui-1.8.18.custom.css  (0ms)  (pid 712)
Compiled jquery-ui.css  (0ms)  (pid 712)
Compiled jquery-ui.custom.css  (0ms)  (pid 712)
Compiled jquery.ui.datepicker.css  (1ms)  (pid 712)
Compiled main.css  (0ms)  (pid 712)
Compiled mobile.css  (0ms)  (pid 712)
Compiled style.css  (0ms)  (pid 712)
Compiled application.css  (326ms)  (pid 712)
